INFO:dash.dash:Dash is running on http://127.0.0.1:8050/app/

Traceback (most recent call last):
  File "C:\Świetlik\NATIVE ANALYTICS\Vizro\app.py", line 74, in <module>
    DASHBOARD_REGISTRY = get_registry()
                         ^^^^^^^^^^^^^^
  File "C:\Świetlik\NATIVE ANALYTICS\Vizro\dashboards\__init__.py", line 77, in get_registry
    return discover_dashboards()
           ^^^^^^^^^^^^^^^^^^^^^
  File "C:\Świetlik\NATIVE ANALYTICS\Vizro\dashboards\__init__.py", line 45, in discover_dashboards
    module = importlib.import_module(f"dashboards.{name}")
             ^^^^^^^^^^^^^^^^^^^^^^^^^^^^^^^^^^^^^^^^^^^^^
  File "C:\Users\awers\AppData\Local\Programs\Python\Python311\Lib\importlib\__init__.py", line 126, in import_module
    return _bootstrap._gcd_import(name[level:], package, level)
           ^^^^^^^^^^^^^^^^^^^^^^^^^^^^^^^^^^^^^^^^^^^^^^^^^^^^
  File "<frozen importlib._bootstrap>", line 1206, in _gcd_import
  File "<frozen importlib._bootstrap>", line 1178, in _find_and_load
  File "<frozen importlib._bootstrap>", line 1149, in _find_and_load_unlocked
  File "<frozen importlib._bootstrap>", line 690, in _load_unlocked
  File "<frozen importlib._bootstrap_external>", line 940, in exec_module
  File "<frozen importlib._bootstrap>", line 241, in _call_with_frames_removed
  File "C:\Świetlik\NATIVE ANALYTICS\Vizro\dashboards\amazon_2026\__init__.py", line 78, in <module>
    from dashboards.amazon_2026.data_narratives import (
ImportError: cannot import name 'load_narrative_sentiment' from 'dashboards.amazon_2026.data_narratives' (C:\Świetlik\NATIVE ANALYTICS\Vizro\dashboards\amazon_2026\data_narratives.py)
